/*C1*/SET SCHEMA PUBLIC
CONNECT USER SA
/*C2*/SET SCHEMA PUBLIC
CONNECT USER SA
INSERT INTO FREESUBSCRIPTION VALUES('aaaaaaaaaaaaaaaa','lollol','Tester','testing','ok@ok.com','2016-03-24 00:00:00.000000000')
DISCONNECT
/*C3*/SET SCHEMA PUBLIC
CONNECT USER SA
/*C4*/SET SCHEMA PUBLIC
CONNECT USER SA
/*C5*/SET SCHEMA PUBLIC
CONNECT USER SA
DISCONNECT
/*C4*/DISCONNECT
/*C3*/DISCONNECT
/*C6*/SET SCHEMA PUBLIC
CONNECT USER SA
/*C7*/SET SCHEMA PUBLIC
CONNECT USER SA
SET AUTOCOMMIT FALSE
DELETE FROM FREESUBSCRIPTION WHERE USERNAME='aaaaaaaaaaaaaaaa'
INSERT INTO FREESUBSCRIPTION VALUES('aaaaaaaaaaaaaaaa','lollol','Tester','testing','ok@ok.com','2016-03-24 00:00:00.000000000')
SET AUTOCOMMIT TRUE
DISCONNECT
/*C6*/DISCONNECT
/*C8*/SET SCHEMA PUBLIC
CONNECT USER SA
/*C9*/SET SCHEMA PUBLIC
CONNECT USER SA
INSERT INTO CHEAPSUBSCRIPTION VALUES('aaaaaaaaaaaaaaaabb','hahaha','lol','lol','lol@lol.com','2016-03-24 00:00:00.000000000')
DISCONNECT
/*C8*/DISCONNECT
/*C10*/SET SCHEMA PUBLIC
CONNECT USER SA
DISCONNECT
/*C11*/SET SCHEMA PUBLIC
CONNECT USER SA
DISCONNECT
/*C12*/SET SCHEMA PUBLIC
CONNECT USER SA
/*C13*/SET SCHEMA PUBLIC
CONNECT USER SA
DISCONNECT
/*C12*/DISCONNECT
/*C14*/SET SCHEMA PUBLIC
CONNECT USER SA
/*C15*/SET SCHEMA PUBLIC
CONNECT USER SA
/*C16*/SET SCHEMA PUBLIC
CONNECT USER SA
SET AUTOCOMMIT FALSE
DELETE FROM CHEAPSUBSCRIPTION WHERE USERNAME='aaaaaaaaaaaaaaaabb'
INSERT INTO CHEAPSUBSCRIPTION VALUES('aaaaaaaaaaaaaaaabb','hahaha','lol','lol','lol@lol.com','2016-03-24 00:00:00.000000000')
SET AUTOCOMMIT TRUE
DISCONNECT
/*C15*/DISCONNECT
/*C14*/DISCONNECT
/*C17*/SET SCHEMA PUBLIC
CONNECT USER SA
/*C18*/SET SCHEMA PUBLIC
CONNECT USER SA
INSERT INTO FREESUBSCRIPTION VALUES('aaaaaaaaaaaaaaaaaaaaaaaaaaaaaaaa','test','t','t','t','2016-03-24 00:00:00.000000000')
DISCONNECT
/*C17*/DISCONNECT
/*C19*/SET SCHEMA PUBLIC
CONNECT USER SA
DISCONNECT
/*C20*/SET SCHEMA PUBLIC
CONNECT USER SA
/*C21*/SET SCHEMA PUBLIC
CONNECT USER SA
DISCONNECT
/*C20*/DISCONNECT
/*C22*/SET SCHEMA PUBLIC
CONNECT USER SA
DISCONNECT
/*C23*/SET SCHEMA PUBLIC
CONNECT USER SA
/*C24*/SET SCHEMA PUBLIC
CONNECT USER SA
DISCONNECT
/*C23*/DISCONNECT
/*C25*/SET SCHEMA PUBLIC
CONNECT USER SA
DISCONNECT
/*C26*/SET SCHEMA PUBLIC
CONNECT USER SA
DISCONNECT
/*C27*/SET SCHEMA PUBLIC
CONNECT USER SA
DISCONNECT
/*C28*/SET SCHEMA PUBLIC
CONNECT USER SA
/*C29*/SET SCHEMA PUBLIC
CONNECT USER SA
/*C28*/DISCONNECT
/*C29*/DISCONNECT
/*C30*/SET SCHEMA PUBLIC
CONNECT USER SA
DISCONNECT
/*C31*/SET SCHEMA PUBLIC
CONNECT USER SA
/*C32*/SET SCHEMA PUBLIC
CONNECT USER SA
/*C31*/DISCONNECT
/*C32*/DISCONNECT
/*C33*/SET SCHEMA PUBLIC
CONNECT USER SA
DISCONNECT
/*C34*/SET SCHEMA PUBLIC
CONNECT USER SA
/*C35*/SET SCHEMA PUBLIC
CONNECT USER SA
SET AUTOCOMMIT FALSE
DELETE FROM EXPERTADMINISTRATOR WHERE USERNAME='niels'
INSERT INTO EXPERTADMINISTRATOR VALUES('niels','1234','Niels','Joncheere','niels@soft','2016-03-24 00:00:00.000000000')
SET AUTOCOMMIT TRUE
DISCONNECT
/*C34*/DISCONNECT
